<?xml version="1.0" encoding="UTF-8"?>
<testng-results skipped="0" failed="0" ignored="0" total="1" passed="1">
  <reporter-output>
  </reporter-output>
  <suite name="Suite" duration-ms="87453" started-at="2018-08-08T01:07:58Z" finished-at="2018-08-08T01:09:26Z">
    <groups>
    </groups>
    <test name="Test" duration-ms="87453" started-at="2018-08-08T01:07:58Z" finished-at="2018-08-08T01:09:26Z">
      <class name="com.qa.test.SearchProductAndSelectTest">
        <test-method status="PASS" signature="setUp()[pri:0, instance:com.qa.test.SearchProductAndSelectTest@3159c4b8]" name="setUp" is-config="true" duration-ms="18594" started-at="2018-08-08T01:07:58Z" finished-at="2018-08-08T01:08:17Z">
          <reporter-output>
          </reporter-output>
        </test-method> <!-- setUp -->
        <test-method status="PASS" signature="productSelction(java.lang.String, java.lang.String, java.lang.String, java.lang.String, java.lang.String, java.lang.String)[pri:1, instance:com.qa.test.SearchProductAndSelectTest@3159c4b8]" name="productSelction" duration-ms="63529" started-at="2018-08-08T01:08:18Z" description="Test the product selection and buy functionality" data-provider="getTestData" finished-at="2018-08-08T01:09:22Z">
          <params>
            <param index="0">
              <value>
                <![CDATA[TC_01]]>
              </value>
            </param>
            <param index="1">
              <value>
                <![CDATA[rayban sunglasses]]>
              </value>
            </param>
            <param index="2">
              <value>
                <![CDATA[rayban sunglasses men]]>
              </value>
            </param>
            <param index="3">
              <value>
                <![CDATA[IM-520-C2P]]>
              </value>
            </param>
            <param index="4">
              <value>
                <![CDATA[2]]>
              </value>
            </param>
            <param index="5">
              <value>
                <![CDATA[UPI]]>
              </value>
            </param>
          </params>
          <reporter-output>
          </reporter-output>
        </test-method> <!-- productSelction -->
        <test-method status="PASS" signature="tearDown()[pri:0, instance:com.qa.test.SearchProductAndSelectTest@3159c4b8]" name="tearDown" is-config="true" duration-ms="4152" started-at="2018-08-08T01:09:22Z" finished-at="2018-08-08T01:09:26Z">
          <reporter-output>
          </reporter-output>
        </test-method> <!-- tearDown -->
      </class> <!-- com.qa.test.SearchProductAndSelectTest -->
    </test> <!-- Test -->
  </suite> <!-- Suite -->
</testng-results>
