<?xml version="1.0" encoding="UTF-8"?>
<testng-results skipped="0" failed="1" ignored="0" total="1" passed="0">
  <reporter-output>
  </reporter-output>
  <suite name="Default suite" duration-ms="202129" started-at="2018-08-08T12:01:27Z" finished-at="2018-08-08T12:04:49Z">
    <groups>
    </groups>
    <test name="Default test" duration-ms="202129" started-at="2018-08-08T12:01:27Z" finished-at="2018-08-08T12:04:49Z">
      <class name="com.qa.test.SearchProductAndSelectTest">
        <test-method status="PASS" signature="setUp()[pri:0, instance:com.qa.test.SearchProductAndSelectTest@55b0dcab]" name="setUp" is-config="true" duration-ms="22233" started-at="2018-08-08T12:01:27Z" finished-at="2018-08-08T12:01:49Z">
          <reporter-output>
          </reporter-output>
        </test-method> <!-- setUp -->
        <test-method status="FAIL" signature="productSelction(java.lang.String, java.lang.String, java.lang.String, java.lang.String, java.lang.String, java.lang.String)[pri:1, instance:com.qa.test.SearchProductAndSelectTest@55b0dcab]" name="productSelction" duration-ms="175009" started-at="2018-08-08T12:01:50Z" description="Test the product selection and buy functionality" data-provider="getTestData" finished-at="2018-08-08T12:04:45Z">
          <params>
            <param index="0">
              <value>
                <![CDATA[TC_01]]>
              </value>
            </param>
            <param index="1">
              <value>
                <![CDATA[rayban sunglasses]]>
              </value>
            </param>
            <param index="2">
              <value>
                <![CDATA[rayban sunglasses men]]>
              </value>
            </param>
            <param index="3">
              <value>
                <![CDATA[IM-520-C2P]]>
              </value>
            </param>
            <param index="4">
              <value>
                <![CDATA[2]]>
              </value>
            </param>
            <param index="5">
              <value>
                <![CDATA[UPI]]>
              </value>
            </param>
          </params>
          <exception class="org.openqa.selenium.NoSuchElementException">
            <message>
              <![CDATA[An element could not be located on the page using the given search parameters.
For documentation on this error, please visit: http://seleniumhq.org/exceptions/no_such_element.html
Build info: version: '3.13.0', revision: '2f0d292', time: '2018-06-25T15:24:21.231Z'
System info: host: 'IN2070121W2', ip: '192.168.52.2', os.name: 'Windows 10', os.arch: 'amd64', os.version: '10.0', java.version: '1.8.0_171'
Driver info: io.appium.java_client.android.AndroidDriver
Capabilities {appActivity: com.ebay.mobile.activities...., appPackage: com.ebay.mobile, databaseEnabled: false, desired: {appActivity: com.ebay.mobile.activities...., appPackage: com.ebay.mobile, deviceName: 92010457a0ce2315, noReset: true, platformName: android, version: 5.1.1}, deviceManufacturer: samsung, deviceModel: SM-J200G, deviceName: 92010457a0ce2315, deviceScreenSize: 540x960, deviceUDID: 92010457a0ce2315, javascriptEnabled: true, locationContextEnabled: false, networkConnectionEnabled: true, noReset: true, platform: LINUX, platformName: Android, platformVersion: 5.1.1, takesScreenshot: true, version: 5.1.1, warnings: {}, webStorageEnabled: false}
Session ID: a7a3940b-4757-4977-86e2-837ac6c3e817
*** Element info: {Using=-android uiautomator, value=new UiScrollable(new UiSelector()).scrollIntoView(text("UPI"))}]]>
            </message>
            <full-stacktrace>
              <![CDATA[org.openqa.selenium.NoSuchElementException: An element could not be located on the page using the given search parameters.
For documentation on this error, please visit: http://seleniumhq.org/exceptions/no_such_element.html
Build info: version: '3.13.0', revision: '2f0d292', time: '2018-06-25T15:24:21.231Z'
System info: host: 'IN2070121W2', ip: '192.168.52.2', os.name: 'Windows 10', os.arch: 'amd64', os.version: '10.0', java.version: '1.8.0_171'
Driver info: io.appium.java_client.android.AndroidDriver
Capabilities {appActivity: com.ebay.mobile.activities...., appPackage: com.ebay.mobile, databaseEnabled: false, desired: {appActivity: com.ebay.mobile.activities...., appPackage: com.ebay.mobile, deviceName: 92010457a0ce2315, noReset: true, platformName: android, version: 5.1.1}, deviceManufacturer: samsung, deviceModel: SM-J200G, deviceName: 92010457a0ce2315, deviceScreenSize: 540x960, deviceUDID: 92010457a0ce2315, javascriptEnabled: true, locationContextEnabled: false, networkConnectionEnabled: true, noReset: true, platform: LINUX, platformName: Android, platformVersion: 5.1.1, takesScreenshot: true, version: 5.1.1, warnings: {}, webStorageEnabled: false}
Session ID: a7a3940b-4757-4977-86e2-837ac6c3e817
*** Element info: {Using=-android uiautomator, value=new UiScrollable(new UiSelector()).scrollIntoView(text("UPI"))}
at sun.reflect.NativeConstructorAccessorImpl.newInstance0(Native Method)
at sun.reflect.NativeConstructorAccessorImpl.newInstance(NativeConstructorAccessorImpl.java:62)
at sun.reflect.DelegatingConstructorAccessorImpl.newInstance(DelegatingConstructorAccessorImpl.java:45)
at java.lang.reflect.Constructor.newInstance(Constructor.java:423)
at org.openqa.selenium.remote.http.W3CHttpResponseCodec.createException(W3CHttpResponseCodec.java:187)
at org.openqa.selenium.remote.http.W3CHttpResponseCodec.decode(W3CHttpResponseCodec.java:122)
at org.openqa.selenium.remote.http.W3CHttpResponseCodec.decode(W3CHttpResponseCodec.java:49)
at org.openqa.selenium.remote.HttpCommandExecutor.execute(HttpCommandExecutor.java:158)
at io.appium.java_client.remote.AppiumCommandExecutor.execute(AppiumCommandExecutor.java:231)
at org.openqa.selenium.remote.RemoteWebDriver.execute(RemoteWebDriver.java:548)
at io.appium.java_client.DefaultGenericMobileDriver.execute(DefaultGenericMobileDriver.java:42)
at io.appium.java_client.AppiumDriver.execute(AppiumDriver.java:1)
at io.appium.java_client.android.AndroidDriver.execute(AndroidDriver.java:1)
at org.openqa.selenium.remote.RemoteWebDriver.findElement(RemoteWebDriver.java:322)
at io.appium.java_client.DefaultGenericMobileDriver.findElement(DefaultGenericMobileDriver.java:62)
at io.appium.java_client.AppiumDriver.findElement(AppiumDriver.java:1)
at io.appium.java_client.android.AndroidDriver.findElement(AndroidDriver.java:1)
at io.appium.java_client.FindsByAndroidUIAutomator.findElementByAndroidUIAutomator(FindsByAndroidUIAutomator.java:38)
at com.qa.pages.PaymentMethod.paymentMethod(PaymentMethod.java:14)
at com.qa.test.SearchProductAndSelectTest.productSelction(SearchProductAndSelectTest.java:59)
at sun.reflect.NativeMethodAccessorImpl.invoke0(Native Method)
at sun.reflect.NativeMethodAccessorImpl.invoke(NativeMethodAccessorImpl.java:62)
at sun.reflect.DelegatingMethodAccessorImpl.invoke(DelegatingMethodAccessorImpl.java:43)
at java.lang.reflect.Method.invoke(Method.java:498)
at org.testng.internal.MethodInvocationHelper.invokeMethod(MethodInvocationHelper.java:124)
at org.testng.internal.Invoker.invokeMethod(Invoker.java:580)
at org.testng.internal.Invoker.invokeTestMethod(Invoker.java:716)
at org.testng.internal.Invoker.invokeTestMethods(Invoker.java:988)
at org.testng.internal.TestMethodWorker.invokeTestMethods(TestMethodWorker.java:125)
at org.testng.internal.TestMethodWorker.run(TestMethodWorker.java:109)
at org.testng.TestRunner.privateRun(TestRunner.java:648)
at org.testng.TestRunner.run(TestRunner.java:505)
at org.testng.SuiteRunner.runTest(SuiteRunner.java:455)
at org.testng.SuiteRunner.runSequentially(SuiteRunner.java:450)
at org.testng.SuiteRunner.privateRun(SuiteRunner.java:415)
at org.testng.SuiteRunner.run(SuiteRunner.java:364)
at org.testng.SuiteRunnerWorker.runSuite(SuiteRunnerWorker.java:52)
at org.testng.SuiteRunnerWorker.run(SuiteRunnerWorker.java:84)
at org.testng.TestNG.runSuitesSequentially(TestNG.java:1208)
at org.testng.TestNG.runSuitesLocally(TestNG.java:1137)
at org.testng.TestNG.runSuites(TestNG.java:1049)
at org.testng.TestNG.run(TestNG.java:1017)
at org.testng.remote.AbstractRemoteTestNG.run(AbstractRemoteTestNG.java:114)
at org.testng.remote.RemoteTestNG.initAndRun(RemoteTestNG.java:251)
at org.testng.remote.RemoteTestNG.main(RemoteTestNG.java:77)
]]>
            </full-stacktrace>
          </exception> <!-- org.openqa.selenium.NoSuchElementException -->
          <reporter-output>
          </reporter-output>
        </test-method> <!-- productSelction -->
        <test-method status="PASS" signature="tearDown()[pri:0, instance:com.qa.test.SearchProductAndSelectTest@55b0dcab]" name="tearDown" is-config="true" duration-ms="3906" started-at="2018-08-08T12:04:45Z" finished-at="2018-08-08T12:04:49Z">
          <reporter-output>
          </reporter-output>
        </test-method> <!-- tearDown -->
      </class> <!-- com.qa.test.SearchProductAndSelectTest -->
    </test> <!-- Default test -->
  </suite> <!-- Default suite -->
</testng-results>
